# JRE version: OpenJDK Runtime Environment (11.0.7+10) (build 11.0.7+10)
# Java VM: OpenJDK 64-Bit Server VM (11.0.7+10, mixed mode, tiered, compressed oops, parallel gc, bsd-amd64)
Heap:
 PSYoungGen      total 24064K, used 0K [0x00000007eab00000, 0x00000007eca00000, 0x0000000800000000)
  eden space 22528K, 0% used [0x00000007eab00000,0x00000007eab00000,0x00000007ec100000)
  from space 1536K, 0% used [0x00000007ec380000,0x00000007ec380000,0x00000007ec500000)
  to   space 3072K, 0% used [0x00000007ec700000,0x00000007ec700000,0x00000007eca00000)
 ParOldGen       total 68608K, used 22097K [0x00000007c0000000, 0x00000007c4300000, 0x00000007eab00000)
  object space 68608K, 32% used [0x00000007c0000000,0x00000007c1594608,0x00000007c4300000)
 Metaspace       used 33178K, capacity 35169K, committed 35416K, reserved 1081344K
  class space    used 3144K, capacity 3865K, committed 3928K, reserved 1048576K
GC Heap History (20 events):
Event: 3.164 GC heap before
{Heap before GC invocations=4 (full 1):
 PSYoungGen      total 29696K, used 25600K [0x00000007eab00000, 0x00000007ecc00000, 0x0000000800000000)
  eden space 25600K, 100% used [0x00000007eab00000,0x00000007ec400000,0x00000007ec400000)
  from space 4096K, 0% used [0x00000007ec800000,0x00000007ec800000,0x00000007ecc00000)
  to   space 4096K, 0% used [0x00000007ec400000,0x00000007ec400000,0x00000007ec800000)
 ParOldGen       total 68608K, used 6281K [0x00000007c0000000, 0x00000007c4300000, 0x00000007eab00000)
  object space 68608K, 9% used [0x00000007c0000000,0x00000007c06224c8,0x00000007c4300000)
 Metaspace       used 27040K, capacity 28691K, committed 29056K, reserved 1075200K
  class space    used 2591K, capacity 3153K, committed 3200K, reserved 1048576K
}
Event: 3.169 GC heap after
{Heap after GC invocations=4 (full 1):
 PSYoungGen      total 29696K, used 2364K [0x00000007eab00000, 0x00000007ecc00000, 0x0000000800000000)
  eden space 25600K, 0% used [0x00000007eab00000,0x00000007eab00000,0x00000007ec400000)
  from space 4096K, 57% used [0x00000007ec400000,0x00000007ec64f250,0x00000007ec800000)
  to   space 4096K, 0% used [0x00000007ec800000,0x00000007ec800000,0x00000007ecc00000)
 ParOldGen       total 68608K, used 6289K [0x00000007c0000000, 0x00000007c4300000, 0x00000007eab00000)
  object space 68608K, 9% used [0x00000007c0000000,0x00000007c06244c8,0x00000007c4300000)
 Metaspace       used 27040K, capacity 28691K, committed 29056K, reserved 1075200K
  class space    used 2591K, capacity 3153K, committed 3200K, reserved 1048576K
}
Event: 3.921 GC heap before
{Heap before GC invocations=5 (full 1):
 PSYoungGen      total 29696K, used 27964K [0x00000007eab00000, 0x00000007ecc00000, 0x0000000800000000)
  eden space 25600K, 100% used [0x00000007eab00000,0x00000007ec400000,0x00000007ec400000)
  from space 4096K, 57% used [0x00000007ec400000,0x00000007ec64f250,0x00000007ec800000)
  to   space 4096K, 0% used [0x00000007ec800000,0x00000007ec800000,0x00000007ecc00000)
 ParOldGen       total 68608K, used 6289K [0x00000007c0000000, 0x00000007c4300000, 0x00000007eab00000)
  object space 68608K, 9% used [0x00000007c0000000,0x00000007c06244c8,0x00000007c4300000)
 Metaspace       used 30638K, capacity 32448K, committed 32640K, reserved 1079296K
  class space    used 2966K, capacity 3616K, committed 3712K, reserved 1048576K
}
Event: 3.933 GC heap after
{Heap after GC invocations=5 (full 1):
 PSYoungGen      total 29696K, used 4087K [0x00000007eab00000, 0x00000007ecc00000, 0x0000000800000000)
  eden space 25600K, 0% used [0x00000007eab00000,0x00000007eab00000,0x00000007ec400000)
  from space 4096K, 99% used [0x00000007ec800000,0x00000007ecbfdce8,0x00000007ecc00000)
  to   space 4096K, 0% used [0x00000007ec400000,0x00000007ec400000,0x00000007ec800000)
 ParOldGen       total 68608K, used 6601K [0x00000007c0000000, 0x00000007c4300000, 0x00000007eab00000)
  object space 68608K, 9% used [0x00000007c0000000,0x00000007c06724d8,0x00000007c4300000)
 Metaspace       used 30638K, capacity 32448K, committed 32640K, reserved 1079296K
  class space    used 2966K, capacity 3616K, committed 3712K, reserved 1048576K
}
Event: 4.112 GC heap before
{Heap before GC invocations=6 (full 1):
 PSYoungGen      total 29696K, used 29687K [0x00000007eab00000, 0x00000007ecc00000, 0x0000000800000000)
  eden space 25600K, 100% used [0x00000007eab00000,0x00000007ec400000,0x00000007ec400000)
  from space 4096K, 99% used [0x00000007ec800000,0x00000007ecbfdce8,0x00000007ecc00000)
  to   space 4096K, 0% used [0x00000007ec400000,0x00000007ec400000,0x00000007ec800000)
 ParOldGen       total 68608K, used 6601K [0x00000007c0000000, 0x00000007c4300000, 0x00000007eab00000)
  object space 68608K, 9% used [0x00000007c0000000,0x00000007c06724d8,0x00000007c4300000)
 Metaspace       used 30731K, capacity 32513K, committed 32896K, reserved 1079296K
  class space    used 2971K, capacity 3616K, committed 3712K, reserved 1048576K
}
Event: 4.122 GC heap after
{Heap after GC invocations=6 (full 1):
 PSYoungGen      total 29184K, used 4066K [0x00000007eab00000, 0x00000007ed080000, 0x0000000800000000)
  eden space 25088K, 0% used [0x00000007eab00000,0x00000007eab00000,0x00000007ec380000)
  from space 4096K, 99% used [0x00000007ec400000,0x00000007ec7f8948,0x00000007ec800000)
  to   space 6656K, 0% used [0x00000007eca00000,0x00000007eca00000,0x00000007ed080000)
 ParOldGen       total 68608K, used 8646K [0x00000007c0000000, 0x00000007c4300000, 0x00000007eab00000)
  object space 68608K, 12% used [0x00000007c0000000,0x00000007c08718e8,0x00000007c4300000)
 Metaspace       used 30731K, capacity 32513K, committed 32896K, reserved 1079296K
  class space    used 2971K, capacity 3616K, committed 3712K, reserved 1048576K
}
Event: 4.267 GC heap before
{Heap before GC invocations=7 (full 1):
 PSYoungGen      total 29184K, used 29154K [0x00000007eab00000, 0x00000007ed080000, 0x0000000800000000)
  eden space 25088K, 100% used [0x00000007eab00000,0x00000007ec380000,0x00000007ec380000)
  from space 4096K, 99% used [0x00000007ec400000,0x00000007ec7f8948,0x00000007ec800000)
  to   space 6656K, 0% used [0x00000007eca00000,0x00000007eca00000,0x00000007ed080000)
 ParOldGen       total 68608K, used 8646K [0x00000007c0000000, 0x00000007c4300000, 0x00000007eab00000)
  object space 68608K, 12% used [0x00000007c0000000,0x00000007c08718e8,0x00000007c4300000)
 Metaspace       used 30753K, capacity 32577K, committed 32896K, reserved 1079296K
  class space    used 2972K, capacity 3616K, committed 3712K, reserved 1048576K
}
Event: 4.274 GC heap after
{Heap after GC invocations=7 (full 1):
 PSYoungGen      total 31232K, used 6225K [0x00000007eab00000, 0x00000007ed080000, 0x0000000800000000)
  eden space 24576K, 0% used [0x00000007eab00000,0x00000007eab00000,0x00000007ec300000)
  from space 6656K, 93% used [0x00000007eca00000,0x00000007ed014688,0x00000007ed080000)
  to   space 6656K, 0% used [0x00000007ec380000,0x00000007ec380000,0x00000007eca00000)
 ParOldGen       total 68608K, used 8646K [0x00000007c0000000, 0x00000007c4300000, 0x00000007eab00000)
  object space 68608K, 12% used [0x00000007c0000000,0x00000007c08718e8,0x00000007c4300000)
 Metaspace       used 30753K, capacity 32577K, committed 32896K, reserved 1079296K
  class space    used 2972K, capacity 3616K, committed 3712K, reserved 1048576K
}
Event: 4.352 GC heap before
{Heap before GC invocations=8 (full 1):
 PSYoungGen      total 31232K, used 30801K [0x00000007eab00000, 0x00000007ed080000, 0x0000000800000000)
  eden space 24576K, 100% used [0x00000007eab00000,0x00000007ec300000,0x00000007ec300000)
  from space 6656K, 93% used [0x00000007eca00000,0x00000007ed014688,0x00000007ed080000)
  to   space 6656K, 0% used [0x00000007ec380000,0x00000007ec380000,0x00000007eca00000)
 ParOldGen       total 68608K, used 8646K [0x00000007c0000000, 0x00000007c4300000, 0x00000007eab00000)
  object space 68608K, 12% used [0x00000007c0000000,0x00000007c08718e8,0x00000007c4300000)
 Metaspace       used 30896K, capacity 32801K, committed 33152K, reserved 1079296K
  class space    used 2982K, capacity 3648K, committed 3712K, reserved 1048576K
}
Event: 4.363 GC heap after
{Heap after GC invocations=8 (full 1):
 PSYoungGen      total 30720K, used 6643K [0x00000007eab00000, 0x00000007ed480000, 0x0000000800000000)
  eden space 24064K, 0% used [0x00000007eab00000,0x00000007eab00000,0x00000007ec280000)
  from space 6656K, 99% used [0x00000007ec380000,0x00000007ec9fce98,0x00000007eca00000)
  to   space 9216K, 0% used [0x00000007ecb80000,0x00000007ecb80000,0x00000007ed480000)
 ParOldGen       total 68608K, used 10504K [0x00000007c0000000, 0x00000007c4300000, 0x00000007eab00000)
  object space 68608K, 15% used [0x00000007c0000000,0x00000007c0a420f0,0x00000007c4300000)
 Metaspace       used 30896K, capacity 32801K, committed 33152K, reserved 1079296K
  class space    used 2982K, capacity 3648K, committed 3712K, reserved 1048576K
}
Event: 4.417 GC heap before
{Heap before GC invocations=9 (full 1):
 PSYoungGen      total 30720K, used 30707K [0x00000007eab00000, 0x00000007ed480000, 0x0000000800000000)
  eden space 24064K, 100% used [0x00000007eab00000,0x00000007ec280000,0x00000007ec280000)
  from space 6656K, 99% used [0x00000007ec380000,0x00000007ec9fce98,0x00000007eca00000)
  to   space 9216K, 0% used [0x00000007ecb80000,0x00000007ecb80000,0x00000007ed480000)
 ParOldGen       total 68608K, used 10504K [0x00000007c0000000, 0x00000007c4300000, 0x00000007eab00000)
  object space 68608K, 15% used [0x00000007c0000000,0x00000007c0a420f0,0x00000007c4300000)
 Metaspace       used 30897K, capacity 32801K, committed 33152K, reserved 1079296K
  class space    used 2982K, capacity 3648K, committed 3712K, reserved 1048576K
}
Event: 4.425 GC heap after
{Heap after GC invocations=9 (full 1):
 PSYoungGen      total 30720K, used 6848K [0x00000007eab00000, 0x00000007ed280000, 0x0000000800000000)
  eden space 23552K, 0% used [0x00000007eab00000,0x00000007eab00000,0x00000007ec200000)
  from space 7168K, 95% used [0x00000007ecb80000,0x00000007ed230010,0x00000007ed280000)
  to   space 7680K, 0% used [0x00000007ec380000,0x00000007ec380000,0x00000007ecb00000)
 ParOldGen       total 68608K, used 12650K [0x00000007c0000000, 0x00000007c4300000, 0x00000007eab00000)
  object space 68608K, 18% used [0x00000007c0000000,0x00000007c0c5a8a0,0x00000007c4300000)
 Metaspace       used 30897K, capacity 32801K, committed 33152K, reserved 1079296K
  class space    used 2982K, capacity 3648K, committed 3712K, reserved 1048576K
}
Event: 4.463 GC heap before
{Heap before GC invocations=10 (full 1):
 PSYoungGen      total 30720K, used 30400K [0x00000007eab00000, 0x00000007ed280000, 0x0000000800000000)
  eden space 23552K, 100% used [0x00000007eab00000,0x00000007ec200000,0x00000007ec200000)
  from space 7168K, 95% used [0x00000007ecb80000,0x00000007ed230010,0x00000007ed280000)
  to   space 7680K, 0% used [0x00000007ec380000,0x00000007ec380000,0x00000007ecb00000)
 ParOldGen       total 68608K, used 12650K [0x00000007c0000000, 0x00000007c4300000, 0x00000007eab00000)
  object space 68608K, 18% used [0x00000007c0000000,0x00000007c0c5a8a0,0x00000007c4300000)
 Metaspace       used 30897K, capacity 32801K, committed 33152K, reserved 1079296K
  class space    used 2982K, capacity 3648K, committed 3712K, reserved 1048576K
}
Event: 4.469 GC heap after
{Heap after GC invocations=10 (full 1):
 PSYoungGen      total 29184K, used 5952K [0x00000007eab00000, 0x00000007ece80000, 0x0000000800000000)
  eden space 23040K, 0% used [0x00000007eab00000,0x00000007eab00000,0x00000007ec180000)
  from space 6144K, 96% used [0x00000007ec380000,0x00000007ec950010,0x00000007ec980000)
  to   space 5120K, 0% used [0x00000007ec980000,0x00000007ec980000,0x00000007ece80000)
 ParOldGen       total 68608K, used 15632K [0x00000007c0000000, 0x00000007c4300000, 0x00000007eab00000)
  object space 68608K, 22% used [0x00000007c0000000,0x00000007c0f443d8,0x00000007c4300000)
 Metaspace       used 30897K, capacity 32801K, committed 33152K, reserved 1079296K
  class space    used 2982K, capacity 3648K, committed 3712K, reserved 1048576K
}
Event: 4.870 GC heap before
{Heap before GC invocations=11 (full 1):
 PSYoungGen      total 29184K, used 28970K [0x00000007eab00000, 0x00000007ece80000, 0x0000000800000000)
  eden space 23040K, 99% used [0x00000007eab00000,0x00000007ec17a9a8,0x00000007ec180000)
  from space 6144K, 96% used [0x00000007ec380000,0x00000007ec950010,0x00000007ec980000)
  to   space 5120K, 0% used [0x00000007ec980000,0x00000007ec980000,0x00000007ece80000)
 ParOldGen       total 68608K, used 15632K [0x00000007c0000000, 0x00000007c4300000, 0x00000007eab00000)
  object space 68608K, 22% used [0x00000007c0000000,0x00000007c0f443d8,0x00000007c4300000)
 Metaspace       used 31760K, capacity 33793K, committed 34048K, reserved 1079296K
  class space    used 3057K, capacity 3769K, committed 3840K, reserved 1048576K
}
Event: 4.877 GC heap after
{Heap after GC invocations=11 (full 1):
 PSYoungGen      total 27648K, used 4926K [0x00000007eab00000, 0x00000007ece80000, 0x0000000800000000)
  eden space 22528K, 0% used [0x00000007eab00000,0x00000007eab00000,0x00000007ec100000)
  from space 5120K, 96% used [0x00000007ec980000,0x00000007ece4fbb8,0x00000007ece80000)
  to   space 5632K, 0% used [0x00000007ec380000,0x00000007ec380000,0x00000007ec900000)
 ParOldGen       total 68608K, used 19408K [0x00000007c0000000, 0x00000007c4300000, 0x00000007eab00000)
  object space 68608K, 28% used [0x00000007c0000000,0x00000007c12f43e8,0x00000007c4300000)
 Metaspace       used 31760K, capacity 33793K, committed 34048K, reserved 1079296K
  class space    used 3057K, capacity 3769K, committed 3840K, reserved 1048576K
}
Event: 5.048 GC heap before
{Heap before GC invocations=12 (full 1):
 PSYoungGen      total 27648K, used 17221K [0x00000007eab00000, 0x00000007ece80000, 0x0000000800000000)
  eden space 22528K, 54% used [0x00000007eab00000,0x00000007eb701a58,0x00000007ec100000)
  from space 5120K, 96% used [0x00000007ec980000,0x00000007ece4fbb8,0x00000007ece80000)
  to   space 5632K, 0% used [0x00000007ec380000,0x00000007ec380000,0x00000007ec900000)
 ParOldGen       total 68608K, used 19408K [0x00000007c0000000, 0x00000007c4300000, 0x00000007eab00000)
  object space 68608K, 28% used [0x00000007c0000000,0x00000007c12f43e8,0x00000007c4300000)
 Metaspace       used 33175K, capacity 35169K, committed 35416K, reserved 1081344K
  class space    used 3144K, capacity 3865K, committed 3928K, reserved 1048576K
}
Event: 5.052 GC heap after
{Heap after GC invocations=12 (full 1):
 PSYoungGen      total 24064K, used 1061K [0x00000007eab00000, 0x00000007eca00000, 0x0000000800000000)
  eden space 22528K, 0% used [0x00000007eab00000,0x00000007eab00000,0x00000007ec100000)
  from space 1536K, 69% used [0x00000007ec380000,0x00000007ec489450,0x00000007ec500000)
  to   space 3072K, 0% used [0x00000007ec700000,0x00000007ec700000,0x00000007eca00000)
 ParOldGen       total 68608K, used 24210K [0x00000007c0000000, 0x00000007c4300000, 0x00000007eab00000)
  object space 68608K, 35% used [0x00000007c0000000,0x00000007c17a49f0,0x00000007c4300000)
 Metaspace       used 33175K, capacity 35169K, committed 35416K, reserved 1081344K
  class space    used 3144K, capacity 3865K, committed 3928K, reserved 1048576K
}
Event: 5.052 GC heap before
{Heap before GC invocations=13 (full 2):
 PSYoungGen      total 24064K, used 1061K [0x00000007eab00000, 0x00000007eca00000, 0x0000000800000000)
  eden space 22528K, 0% used [0x00000007eab00000,0x00000007eab00000,0x00000007ec100000)
  from space 1536K, 69% used [0x00000007ec380000,0x00000007ec489450,0x00000007ec500000)
  to   space 3072K, 0% used [0x00000007ec700000,0x00000007ec700000,0x00000007eca00000)
 ParOldGen       total 68608K, used 24210K [0x00000007c0000000, 0x00000007c4300000, 0x00000007eab00000)
  object space 68608K, 35% used [0x00000007c0000000,0x00000007c17a49f0,0x00000007c4300000)
 Metaspace       used 33175K, capacity 35169K, committed 35416K, reserved 1081344K
  class space    used 3144K, capacity 3865K, committed 3928K, reserved 1048576K
}
Event: 5.118 GC heap after
{Heap after GC invocations=13 (full 2):
 PSYoungGen      total 24064K, used 0K [0x00000007eab00000, 0x00000007eca00000, 0x0000000800000000)
  eden space 22528K, 0% used [0x00000007eab00000,0x00000007eab00000,0x00000007ec100000)
  from space 1536K, 0% used [0x00000007ec380000,0x00000007ec380000,0x00000007ec500000)
  to   space 3072K, 0% used [0x00000007ec700000,0x00000007ec700000,0x00000007eca00000)
 ParOldGen       total 68608K, used 22097K [0x00000007c0000000, 0x00000007c4300000, 0x00000007eab00000)
  object space 68608K, 32% used [0x00000007c0000000,0x00000007c1594608,0x00000007c4300000)
 Metaspace       used 33175K, capacity 35169K, committed 35416K, reserved 1081344K
  class space    used 3144K, capacity 3865K, committed 3928K, reserved 1048576K
}

